This file contains any messages produced by compilers while
running configure, to aid debugging if configure makes a mistake.

It was created by configure, which was
generated by GNU Autoconf 2.68.  Invocation command line was

  $ ./configure --host=x86_64-apple-darwin14.0.0 --disable-dependency-tracking --prefix=/Users/ahmedbodi/Desktop/Coins/DGCV3.0/depends/x86_64-apple-darwin14.0.0/native CC=gcc CXX=g++ NM=nm RANLIB=ranlib AR=ar CPPFLAGS=-I/Users/ahmedbodi/Desktop/Coins/DGCV3.0/depends/x86_64-apple-darwin14.0.0/native/include     LDFLAGS=-L/Users/ahmedbodi/Desktop/Coins/DGCV3.0/depends/x86_64-apple-darwin14.0.0/native/lib    

## --------- ##
## Platform. ##
## --------- ##

hostname = Ahmeds-MacBook-Pro.local
uname -m = x86_64
uname -r = 14.0.0
uname -s = Darwin
uname -v = Darwin Kernel Version 14.0.0: Fri Sep 19 00:26:44 PDT 2014; root:xnu-2782.1.97~2/RELEASE_X86_64

/usr/bin/uname -p = i386
/bin/uname -X     = unknown

/bin/arch              = unknown
/usr/bin/arch -k       = unknown
/usr/convex/getsysinfo = unknown
/usr/bin/hostinfo      = Mach kernel version:
	 Darwin Kernel Version 14.0.0: Fri Sep 19 00:26:44 PDT 2014; root:xnu-2782.1.97~2/RELEASE_X86_64
Kernel configured for up to 8 processors.
4 processors are physically available.
8 processors are logically available.
Processor type: x86_64h (Intel x86-64h Haswell)
Processors active: 0 1 2 3 4 5 6 7
Primary memory available: 16.00 gigabytes
Default processor set: 224 tasks, 1422 threads, 8 processors
Load average: 9.26, Mach factor: 1.10
/bin/machine           = unknown
/usr/bin/oslevel       = unknown
/bin/universe          = unknown

PATH: /Users/ahmedbodi/Desktop/Coins/DGCV3.0/depends/x86_64-apple-darwin14.0.0/native/bin
PATH: /opt/local/bin
PATH: /opt/local/sbin
PATH: /opt/local/bin
PATH: /opt/local/sbin
PATH: /opt/local/bin
PATH: /opt/local/sbin
PATH: /opt/local/bin
PATH: /opt/local/sbin
PATH: /usr/local/bin
PATH: /usr/bin
PATH: /bin
PATH: /usr/sbin
PATH: /sbin


## ----------- ##
## Core tests. ##
## ----------- ##

configure:2182: Configuring ccache
configure:2200: checking for x86_64-apple-darwin14.0.0-gcc
configure:2227: result: gcc
configure:2496: checking for C compiler version
configure:2505: gcc --version >&5
Apple LLVM version 6.0 (clang-600.0.54) (based on LLVM 3.5svn)
Target: x86_64-apple-darwin14.0.0
Thread model: posix
Configured with: --prefix=/Applications/Xcode.app/Contents/Developer/usr --with-gxx-include-dir=/usr/include/c++/4.2.1
configure:2516: $? = 0
configure:2505: gcc -v >&5
Configured with: --prefix=/Applications/Xcode.app/Contents/Developer/usr --with-gxx-include-dir=/usr/include/c++/4.2.1
Apple LLVM version 6.0 (clang-600.0.54) (based on LLVM 3.5svn)
Target: x86_64-apple-darwin14.0.0
Thread model: posix
configure:2516: $? = 0
configure:2505: gcc -V >&5
clang: error: argument to '-V' is missing (expected 1 value)
clang: error: no input files
configure:2516: $? = 1
configure:2505: gcc -qversion >&5
clang: error: unknown argument: '-qversion'
clang: error: no input files
configure:2516: $? = 1
configure:2536: checking whether the C compiler works
configure:2558: gcc  -I/Users/ahmedbodi/Desktop/Coins/DGCV3.0/depends/x86_64-apple-darwin14.0.0/native/include     -L/Users/ahmedbodi/Desktop/Coins/DGCV3.0/depends/x86_64-apple-darwin14.0.0/native/lib     conftest.c  >&5
ld: warning: directory not found for option '-L/Users/ahmedbodi/Desktop/Coins/DGCV3.0/depends/x86_64-apple-darwin14.0.0/native/lib'
configure:2562: $? = 0
configure:2610: result: yes
configure:2613: checking for C compiler default output file name
configure:2615: result: a.out
configure:2621: checking for suffix of executables
configure:2628: gcc -o conftest  -I/Users/ahmedbodi/Desktop/Coins/DGCV3.0/depends/x86_64-apple-darwin14.0.0/native/include     -L/Users/ahmedbodi/Desktop/Coins/DGCV3.0/depends/x86_64-apple-darwin14.0.0/native/lib     conftest.c  >&5
ld: warning: directory not found for option '-L/Users/ahmedbodi/Desktop/Coins/DGCV3.0/depends/x86_64-apple-darwin14.0.0/native/lib'
configure:2632: $? = 0
configure:2654: result: 
configure:2676: checking whether we are cross compiling
configure:2684: gcc -o conftest  -I/Users/ahmedbodi/Desktop/Coins/DGCV3.0/depends/x86_64-apple-darwin14.0.0/native/include     -L/Users/ahmedbodi/Desktop/Coins/DGCV3.0/depends/x86_64-apple-darwin14.0.0/native/lib     conftest.c  >&5

## ---------------- ##
## Cache variables. ##
## ---------------- ##

ac_cv_env_CC_set=set
ac_cv_env_CC_value=gcc
ac_cv_env_CFLAGS_set=
ac_cv_env_CFLAGS_value=
ac_cv_env_CPPFLAGS_set=set
ac_cv_env_CPPFLAGS_value='-I/Users/ahmedbodi/Desktop/Coins/DGCV3.0/depends/x86_64-apple-darwin14.0.0/native/include    '
ac_cv_env_CPP_set=
ac_cv_env_CPP_value=
ac_cv_env_LDFLAGS_set=set
ac_cv_env_LDFLAGS_value='-L/Users/ahmedbodi/Desktop/Coins/DGCV3.0/depends/x86_64-apple-darwin14.0.0/native/lib    '
ac_cv_env_LIBS_set=
ac_cv_env_LIBS_value=
ac_cv_env_build_alias_set=
ac_cv_env_build_alias_value=
ac_cv_env_host_alias_set=set
ac_cv_env_host_alias_value=x86_64-apple-darwin14.0.0
ac_cv_env_target_alias_set=
ac_cv_env_target_alias_value=
ac_cv_prog_CC=gcc

## ----------------- ##
## Output variables. ##
## ----------------- ##

AR='ar'
CC='gcc'
CFLAGS=''
CPP=''
CPPFLAGS='-I/Users/ahmedbodi/Desktop/Coins/DGCV3.0/depends/x86_64-apple-darwin14.0.0/native/include    '
DEFS=''
ECHO_C='\c'
ECHO_N=''
ECHO_T=''
EGREP=''
EXEEXT=''
GREP=''
INSTALL_DATA=''
INSTALL_PROGRAM=''
INSTALL_SCRIPT=''
LDFLAGS='-L/Users/ahmedbodi/Desktop/Coins/DGCV3.0/depends/x86_64-apple-darwin14.0.0/native/lib    '
LIBOBJS=''
LIBS=''
LTLIBOBJS=''
OBJEXT=''
PACKAGE_BUGREPORT=''
PACKAGE_NAME=''
PACKAGE_STRING=''
PACKAGE_TARNAME=''
PACKAGE_URL=''
PACKAGE_VERSION=''
PATH_SEPARATOR=':'
RANLIB='ranlib'
SHELL='/bin/sh'
ac_ct_CC=''
bindir='${exec_prefix}/bin'
build_alias=''
datadir='${datarootdir}'
datarootdir='${prefix}/share'
docdir='${datarootdir}/doc/${PACKAGE}'
dvidir='${docdir}'
exec_prefix='NONE'
extra_deps=''
host_alias='x86_64-apple-darwin14.0.0'
htmldir='${docdir}'
include_dev_mk=''
includedir='${prefix}/include'
infodir='${datarootdir}/info'
libdir='${exec_prefix}/lib'
libexecdir='${exec_prefix}/libexec'
localedir='${datarootdir}/locale'
localstatedir='${prefix}/var'
mandir='${datarootdir}/man'
oldincludedir='/usr/include'
pdfdir='${docdir}'
prefix='/Users/ahmedbodi/Desktop/Coins/DGCV3.0/depends/x86_64-apple-darwin14.0.0/native'
program_transform_name='s,x,x,'
psdir='${docdir}'
sbindir='${exec_prefix}/sbin'
sharedstatedir='${prefix}/com'
sysconfdir='${prefix}/etc'
target_alias=''
test_suites=''

## ----------- ##
## confdefs.h. ##
## ----------- ##

/* confdefs.h */
#define PACKAGE_NAME ""
#define PACKAGE_TARNAME ""
#define PACKAGE_VERSION ""
#define PACKAGE_STRING ""
#define PACKAGE_BUGREPORT ""
#define PACKAGE_URL ""

configure: caught signal 2
configure: exit 1
